{"C:\\mcp-analyzer\\src\\analyzer\\engine.ts": {"path":"C:\\mcp-analyzer\\src\\analyzer\\engine.ts","statementMap":{"0":{"start":{"line":15,"column":37},"end":{"line":15,"column":39}},"1":{"start":{"line":16,"column":43},"end":{"line":16,"column":45}},"2":{"start":{"line":19,"column":4},"end":{"line":19,"column":null}},"3":{"start":{"line":29,"column":34},"end":{"line":29,"column":36}},"4":{"start":{"line":35,"column":4},"end":{"line":35,"column":null}},"5":{"start":{"line":48,"column":20},"end":{"line":48,"column":33}},"6":{"start":{"line":51,"column":4},"end":{"line":51,"column":null}},"7":{"start":{"line":54,"column":4},"end":{"line":76,"column":null}},"8":{"start":{"line":56,"column":23},"end":{"line":56,"column":59}},"9":{"start":{"line":56,"column":46},"end":{"line":56,"column":59}},"10":{"start":{"line":59,"column":26},"end":{"line":59,"column":null}},"11":{"start":{"line":60,"column":22},"end":{"line":60,"column":null}},"12":{"start":{"line":62,"column":6},"end":{"line":76,"column":null}},"13":{"start":{"line":63,"column":30},"end":{"line":63,"column":47}},"14":{"start":{"line":66,"column":8},"end":{"line":73,"column":null}},"15":{"start":{"line":67,"column":10},"end":{"line":67,"column":null}},"16":{"start":{"line":81,"column":4},"end":{"line":81,"column":null}}},"fnMap":{"0":{"name":"(anonymous_0)","decl":{"start":{"line":18,"column":2},"end":{"line":18,"column":9}},"loc":{"start":{"line":18,"column":33},"end":{"line":19,"column":null}},"line":18},"1":{"name":"(anonymous_1)","decl":{"start":{"line":34,"column":2},"end":{"line":34,"column":9}},"loc":{"start":{"line":34,"column":46},"end":{"line":35,"column":null}},"line":34},"2":{"name":"(anonymous_2)","decl":{"start":{"line":47,"column":2},"end":{"line":47,"column":9}},"loc":{"start":{"line":47,"column":39},"end":{"line":81,"column":null}},"line":47},"3":{"name":"(anonymous_3)","decl":{"start":{"line":56,"column":34},"end":{"line":56,"column":38}},"loc":{"start":{"line":56,"column":46},"end":{"line":56,"column":59}},"line":56}},"branchMap":{"0":{"loc":{"start":{"line":54,"column":4},"end":{"line":76,"column":null}},"type":"if","locations":[{"start":{"line":54,"column":4},"end":{"line":76,"column":null}},{"start":{},"end":{}}],"line":54},"1":{"loc":{"start":{"line":59,"column":26},"end":{"line":59,"column":null}},"type":"cond-expr","locations":[{"start":{"line":59,"column":59},"end":{"line":59,"column":71}},{"start":{"line":59,"column":71},"end":{"line":59,"column":null}}],"line":59},"2":{"loc":{"start":{"line":59,"column":71},"end":{"line":59,"column":null}},"type":"binary-expr","locations":[{"start":{"line":59,"column":71},"end":{"line":59,"column":99}},{"start":{"line":59,"column":99},"end":{"line":59,"column":null}}],"line":59},"3":{"loc":{"start":{"line":60,"column":22},"end":{"line":60,"column":null}},"type":"binary-expr","locations":[{"start":{"line":60,"column":22},"end":{"line":60,"column":53}},{"start":{"line":60,"column":53},"end":{"line":60,"column":null}}],"line":60},"4":{"loc":{"start":{"line":62,"column":6},"end":{"line":76,"column":null}},"type":"if","locations":[{"start":{"line":62,"column":6},"end":{"line":76,"column":null}}],"line":62},"5":{"loc":{"start":{"line":66,"column":8},"end":{"line":73,"column":null}},"type":"if","locations":[{"start":{"line":66,"column":8},"end":{"line":73,"column":null}}],"line":66}},"s":{"0":23,"1":23,"2":19,"3":23,"4":22,"5":23,"6":23,"7":23,"8":22,"9":23,"10":22,"11":22,"12":22,"13":22,"14":22,"15":22,"16":23},"f":{"0":19,"1":22,"2":23,"3":23},"b":{"0":[22,1],"1":[22,0],"2":[0,0],"3":[22,0],"4":[22],"5":[22]},"meta":{"lastBranch":6,"lastFunction":4,"lastStatement":17,"seen":{"s:15:37:15:39":0,"s:16:43:16:45":1,"f:18:2:18:9":0,"s:19:4:19:Infinity":2,"s:29:34:29:36":3,"f:34:2:34:9":1,"s:35:4:35:Infinity":4,"f:47:2:47:9":2,"s:48:20:48:33":5,"s:51:4:51:Infinity":6,"b:54:4:76:Infinity:undefined:undefined:undefined:undefined":0,"s:54:4:76:Infinity":7,"s:56:23:56:59":8,"f:56:34:56:38":3,"s:56:46:56:59":9,"s:59:26:59:Infinity":10,"b:59:59:59:71:59:71:59:Infinity":1,"b:59:71:59:99:59:99:59:Infinity":2,"s:60:22:60:Infinity":11,"b:60:22:60:53:60:53:60:Infinity":3,"b:62:6:76:Infinity":4,"s:62:6:76:Infinity":12,"s:63:30:63:47":13,"b:66:8:73:Infinity":5,"s:66:8:73:Infinity":14,"s:67:10:67:Infinity":15,"s:81:4:81:Infinity":16}}}
,"C:\\mcp-analyzer\\src\\analyzer\\visitor.ts": {"path":"C:\\mcp-analyzer\\src\\analyzer\\visitor.ts","statementMap":{"0":{"start":{"line":7,"column":74},"end":{"line":7,"column":76}},"1":{"start":{"line":9,"column":2},"end":{"line":25,"column":null}},"2":{"start":{"line":10,"column":4},"end":{"line":25,"column":null}},"3":{"start":{"line":11,"column":23},"end":{"line":11,"column":null}},"4":{"start":{"line":12,"column":23},"end":{"line":12,"column":null}},"5":{"start":{"line":13,"column":23},"end":{"line":13,"column":null}},"6":{"start":{"line":14,"column":6},"end":{"line":16,"column":null}},"7":{"start":{"line":15,"column":8},"end":{"line":16,"column":null}},"8":{"start":{"line":16,"column":10},"end":{"line":16,"column":null}},"9":{"start":{"line":20,"column":6},"end":{"line":25,"column":null}},"10":{"start":{"line":21,"column":8},"end":{"line":25,"column":null}},"11":{"start":{"line":30,"column":2},"end":{"line":30,"column":null}},"12":{"start":{"line":30,"column":34},"end":{"line":30,"column":null}},"13":{"start":{"line":32,"column":26},"end":{"line":32,"column":43}},"14":{"start":{"line":33,"column":2},"end":{"line":42,"column":null}},"15":{"start":{"line":35,"column":6},"end":{"line":36,"column":null}},"16":{"start":{"line":36,"column":8},"end":{"line":36,"column":null}},"17":{"start":{"line":40,"column":6},"end":{"line":40,"column":null}},"18":{"start":{"line":44,"column":2},"end":{"line":60,"column":null}},"19":{"start":{"line":45,"column":4},"end":{"line":60,"column":null}},"20":{"start":{"line":46,"column":37},"end":{"line":51,"column":null}},"21":{"start":{"line":53,"column":6},"end":{"line":60,"column":null}},"22":{"start":{"line":69,"column":52},"end":{"line":254,"column":null}},"23":{"start":{"line":73,"column":6},"end":{"line":90,"column":null}},"24":{"start":{"line":74,"column":8},"end":{"line":90,"column":null}},"25":{"start":{"line":76,"column":41},"end":{"line":81,"column":null}},"26":{"start":{"line":83,"column":10},"end":{"line":90,"column":null}},"27":{"start":{"line":95,"column":21},"end":{"line":95,"column":null}},"28":{"start":{"line":96,"column":6},"end":{"line":116,"column":null}},"29":{"start":{"line":102,"column":39},"end":{"line":107,"column":null}},"30":{"start":{"line":109,"column":8},"end":{"line":116,"column":null}},"31":{"start":{"line":120,"column":6},"end":{"line":176,"column":null}},"32":{"start":{"line":121,"column":22},"end":{"line":121,"column":72}},"33":{"start":{"line":121,"column":43},"end":{"line":121,"column":71}},"34":{"start":{"line":122,"column":8},"end":{"line":176,"column":null}},"35":{"start":{"line":123,"column":28},"end":{"line":123,"column":49}},"36":{"start":{"line":124,"column":10},"end":{"line":176,"column":null}},"37":{"start":{"line":125,"column":33},"end":{"line":125,"column":null}},"38":{"start":{"line":127,"column":12},"end":{"line":176,"column":null}},"39":{"start":{"line":128,"column":44},"end":{"line":128,"column":46}},"40":{"start":{"line":130,"column":14},"end":{"line":133,"column":null}},"41":{"start":{"line":131,"column":33},"end":{"line":131,"column":57}},"42":{"start":{"line":132,"column":16},"end":{"line":133,"column":null}},"43":{"start":{"line":133,"column":18},"end":{"line":133,"column":null}},"44":{"start":{"line":137,"column":14},"end":{"line":148,"column":null}},"45":{"start":{"line":138,"column":16},"end":{"line":148,"column":null}},"46":{"start":{"line":140,"column":36},"end":{"line":140,"column":59}},"47":{"start":{"line":141,"column":20},"end":{"line":142,"column":null}},"48":{"start":{"line":142,"column":22},"end":{"line":142,"column":null}},"49":{"start":{"line":146,"column":20},"end":{"line":146,"column":null}},"50":{"start":{"line":151,"column":14},"end":{"line":176,"column":null}},"51":{"start":{"line":152,"column":29},"end":{"line":152,"column":null}},"52":{"start":{"line":153,"column":29},"end":{"line":153,"column":null}},"53":{"start":{"line":155,"column":16},"end":{"line":158,"column":null}},"54":{"start":{"line":156,"column":18},"end":{"line":158,"column":null}},"55":{"start":{"line":157,"column":20},"end":{"line":157,"column":null}},"56":{"start":{"line":161,"column":16},"end":{"line":176,"column":null}},"57":{"start":{"line":162,"column":49},"end":{"line":167,"column":null}},"58":{"start":{"line":169,"column":18},"end":{"line":176,"column":null}},"59":{"start":{"line":185,"column":9},"end":{"line":186,"column":null}},"60":{"start":{"line":188,"column":6},"end":{"line":228,"column":null}},"61":{"start":{"line":189,"column":24},"end":{"line":189,"column":null}},"62":{"start":{"line":190,"column":31},"end":{"line":190,"column":null}},"63":{"start":{"line":193,"column":8},"end":{"line":202,"column":null}},"64":{"start":{"line":197,"column":29},"end":{"line":197,"column":null}},"65":{"start":{"line":198,"column":10},"end":{"line":200,"column":null}},"66":{"start":{"line":199,"column":12},"end":{"line":199,"column":null}},"67":{"start":{"line":200,"column":12},"end":{"line":200,"column":null}},"68":{"start":{"line":202,"column":10},"end":{"line":202,"column":null}},"69":{"start":{"line":206,"column":8},"end":{"line":209,"column":null}},"70":{"start":{"line":207,"column":31},"end":{"line":207,"column":71}},"71":{"start":{"line":207,"column":52},"end":{"line":207,"column":70}},"72":{"start":{"line":208,"column":10},"end":{"line":209,"column":null}},"73":{"start":{"line":209,"column":12},"end":{"line":209,"column":null}},"74":{"start":{"line":213,"column":8},"end":{"line":228,"column":null}},"75":{"start":{"line":214,"column":41},"end":{"line":219,"column":null}},"76":{"start":{"line":221,"column":10},"end":{"line":228,"column":null}},"77":{"start":{"line":233,"column":19},"end":{"line":233,"column":null}},"78":{"start":{"line":234,"column":20},"end":{"line":234,"column":null}},"79":{"start":{"line":235,"column":6},"end":{"line":240,"column":null}},"80":{"start":{"line":236,"column":8},"end":{"line":240,"column":null}},"81":{"start":{"line":237,"column":27},"end":{"line":237,"column":null}},"82":{"start":{"line":238,"column":26},"end":{"line":238,"column":57}},"83":{"start":{"line":239,"column":10},"end":{"line":240,"column":null}},"84":{"start":{"line":240,"column":12},"end":{"line":240,"column":null}},"85":{"start":{"line":246,"column":6},"end":{"line":249,"column":null}},"86":{"start":{"line":247,"column":26},"end":{"line":247,"column":null}},"87":{"start":{"line":248,"column":8},"end":{"line":249,"column":null}},"88":{"start":{"line":249,"column":10},"end":{"line":249,"column":null}}},"fnMap":{"0":{"name":"processPropTypes","decl":{"start":{"line":6,"column":9},"end":{"line":6,"column":26}},"loc":{"start":{"line":6,"column":99},"end":{"line":60,"column":null}},"line":6},"1":{"name":"(anonymous_1)","decl":{"start":{"line":34,"column":4},"end":{"line":34,"column":18}},"loc":{"start":{"line":34,"column":26},"end":{"line":36,"column":null}},"line":34},"2":{"name":"(anonymous_2)","decl":{"start":{"line":39,"column":4},"end":{"line":39,"column":15}},"loc":{"start":{"line":39,"column":23},"end":{"line":40,"column":null}},"line":39},"3":{"name":"(anonymous_3)","decl":{"start":{"line":72,"column":4},"end":{"line":72,"column":17}},"loc":{"start":{"line":72,"column":39},"end":{"line":90,"column":null}},"line":72},"4":{"name":"(anonymous_4)","decl":{"start":{"line":94,"column":4},"end":{"line":94,"column":19}},"loc":{"start":{"line":94,"column":41},"end":{"line":228,"column":null}},"line":94},"5":{"name":"(anonymous_5)","decl":{"start":{"line":121,"column":27},"end":{"line":121,"column":38}},"loc":{"start":{"line":121,"column":43},"end":{"line":121,"column":71}},"line":121},"6":{"name":"(anonymous_6)","decl":{"start":{"line":139,"column":18},"end":{"line":139,"column":34}},"loc":{"start":{"line":139,"column":43},"end":{"line":142,"column":null}},"line":139},"7":{"name":"(anonymous_7)","decl":{"start":{"line":145,"column":18},"end":{"line":145,"column":27}},"loc":{"start":{"line":145,"column":37},"end":{"line":146,"column":null}},"line":145},"8":{"name":"(anonymous_8)","decl":{"start":{"line":156,"column":58},"end":{"line":156,"column":63}},"loc":{"start":{"line":157,"column":20},"end":{"line":157,"column":null}},"line":157},"9":{"name":"(anonymous_9)","decl":{"start":{"line":207,"column":36},"end":{"line":207,"column":47}},"loc":{"start":{"line":207,"column":52},"end":{"line":207,"column":70}},"line":207},"10":{"name":"(anonymous_10)","decl":{"start":{"line":232,"column":4},"end":{"line":232,"column":25}},"loc":{"start":{"line":232,"column":47},"end":{"line":240,"column":null}},"line":232},"11":{"name":"(anonymous_11)","decl":{"start":{"line":245,"column":4},"end":{"line":245,"column":18}},"loc":{"start":{"line":245,"column":40},"end":{"line":249,"column":null}},"line":245}},"branchMap":{"0":{"loc":{"start":{"line":10,"column":4},"end":{"line":25,"column":null}},"type":"if","locations":[{"start":{"line":10,"column":4},"end":{"line":25,"column":null}},{"start":{},"end":{}}],"line":10},"1":{"loc":{"start":{"line":10,"column":8},"end":{"line":10,"column":60}},"type":"binary-expr","locations":[{"start":{"line":10,"column":8},"end":{"line":10,"column":32}},{"start":{"line":10,"column":36},"end":{"line":10,"column":60}}],"line":10},"2":{"loc":{"start":{"line":14,"column":6},"end":{"line":16,"column":null}},"type":"if","locations":[{"start":{"line":14,"column":6},"end":{"line":16,"column":null}},{"start":{},"end":{}}],"line":14},"3":{"loc":{"start":{"line":15,"column":8},"end":{"line":16,"column":null}},"type":"if","locations":[{"start":{"line":15,"column":8},"end":{"line":16,"column":null}},{"start":{},"end":{}}],"line":15},"4":{"loc":{"start":{"line":15,"column":12},"end":{"line":15,"column":94}},"type":"binary-expr","locations":[{"start":{"line":15,"column":12},"end":{"line":15,"column":47}},{"start":{"line":15,"column":51},"end":{"line":15,"column":94}}],"line":15},"5":{"loc":{"start":{"line":20,"column":6},"end":{"line":25,"column":null}},"type":"if","locations":[{"start":{"line":20,"column":6},"end":{"line":25,"column":null}},{"start":{},"end":{}}],"line":20},"6":{"loc":{"start":{"line":30,"column":2},"end":{"line":30,"column":null}},"type":"if","locations":[{"start":{"line":30,"column":2},"end":{"line":30,"column":null}},{"start":{},"end":{}}],"line":30},"7":{"loc":{"start":{"line":35,"column":6},"end":{"line":36,"column":null}},"type":"if","locations":[{"start":{"line":35,"column":6},"end":{"line":36,"column":null}},{"start":{},"end":{}}],"line":35},"8":{"loc":{"start":{"line":35,"column":10},"end":{"line":35,"column":73}},"type":"binary-expr","locations":[{"start":{"line":35,"column":10},"end":{"line":35,"column":36}},{"start":{"line":35,"column":40},"end":{"line":35,"column":73}}],"line":35},"9":{"loc":{"start":{"line":45,"column":4},"end":{"line":60,"column":null}},"type":"if","locations":[{"start":{"line":45,"column":4},"end":{"line":60,"column":null}},{"start":{},"end":{}}],"line":45},"10":{"loc":{"start":{"line":73,"column":6},"end":{"line":90,"column":null}},"type":"if","locations":[{"start":{"line":73,"column":6},"end":{"line":90,"column":null}},{"start":{},"end":{}}],"line":73},"11":{"loc":{"start":{"line":74,"column":8},"end":{"line":90,"column":null}},"type":"if","locations":[{"start":{"line":74,"column":8},"end":{"line":90,"column":null}},{"start":{},"end":{}}],"line":74},"12":{"loc":{"start":{"line":96,"column":6},"end":{"line":116,"column":null}},"type":"if","locations":[{"start":{"line":96,"column":6},"end":{"line":116,"column":null}},{"start":{},"end":{}}],"line":96},"13":{"loc":{"start":{"line":97,"column":8},"end":{"line":99,"column":null}},"type":"binary-expr","locations":[{"start":{"line":97,"column":8},"end":{"line":97,"column":36}},{"start":{"line":98,"column":8},"end":{"line":98,"column":37}},{"start":{"line":98,"column":41},"end":{"line":98,"column":null}},{"start":{"line":99,"column":8},"end":{"line":99,"column":39}},{"start":{"line":99,"column":43},"end":{"line":99,"column":null}}],"line":97},"14":{"loc":{"start":{"line":120,"column":6},"end":{"line":176,"column":null}},"type":"if","locations":[{"start":{"line":120,"column":6},"end":{"line":176,"column":null}},{"start":{},"end":{}}],"line":120},"15":{"loc":{"start":{"line":120,"column":10},"end":{"line":120,"column":109}},"type":"binary-expr","locations":[{"start":{"line":120,"column":10},"end":{"line":120,"column":38}},{"start":{"line":120,"column":42},"end":{"line":120,"column":73}},{"start":{"line":120,"column":77},"end":{"line":120,"column":109}}],"line":120},"16":{"loc":{"start":{"line":122,"column":8},"end":{"line":176,"column":null}},"type":"if","locations":[{"start":{"line":122,"column":8},"end":{"line":176,"column":null}},{"start":{},"end":{}}],"line":122},"17":{"loc":{"start":{"line":124,"column":10},"end":{"line":176,"column":null}},"type":"if","locations":[{"start":{"line":124,"column":10},"end":{"line":176,"column":null}},{"start":{},"end":{}}],"line":124},"18":{"loc":{"start":{"line":124,"column":14},"end":{"line":124,"column":64}},"type":"binary-expr","locations":[{"start":{"line":124,"column":14},"end":{"line":124,"column":38}},{"start":{"line":124,"column":42},"end":{"line":124,"column":64}}],"line":124},"19":{"loc":{"start":{"line":127,"column":12},"end":{"line":176,"column":null}},"type":"if","locations":[{"start":{"line":127,"column":12},"end":{"line":176,"column":null}},{"start":{},"end":{}}],"line":127},"20":{"loc":{"start":{"line":127,"column":16},"end":{"line":127,"column":95}},"type":"binary-expr","locations":[{"start":{"line":127,"column":16},"end":{"line":127,"column":56}},{"start":{"line":127,"column":60},"end":{"line":127,"column":95}}],"line":127},"21":{"loc":{"start":{"line":130,"column":14},"end":{"line":133,"column":null}},"type":"if","locations":[{"start":{"line":130,"column":14},"end":{"line":133,"column":null}},{"start":{},"end":{}}],"line":130},"22":{"loc":{"start":{"line":132,"column":16},"end":{"line":133,"column":null}},"type":"if","locations":[{"start":{"line":132,"column":16},"end":{"line":133,"column":null}},{"start":{},"end":{}}],"line":132},"23":{"loc":{"start":{"line":132,"column":20},"end":{"line":132,"column":71}},"type":"binary-expr","locations":[{"start":{"line":132,"column":20},"end":{"line":132,"column":43}},{"start":{"line":132,"column":47},"end":{"line":132,"column":71}}],"line":132},"24":{"loc":{"start":{"line":137,"column":14},"end":{"line":148,"column":null}},"type":"if","locations":[{"start":{"line":137,"column":14},"end":{"line":148,"column":null}},{"start":{},"end":{}}],"line":137},"25":{"loc":{"start":{"line":141,"column":20},"end":{"line":142,"column":null}},"type":"if","locations":[{"start":{"line":141,"column":20},"end":{"line":142,"column":null}},{"start":{},"end":{}}],"line":141},"26":{"loc":{"start":{"line":141,"column":24},"end":{"line":141,"column":88}},"type":"binary-expr","locations":[{"start":{"line":141,"column":24},"end":{"line":141,"column":36}},{"start":{"line":141,"column":36},"end":{"line":141,"column":58}},{"start":{"line":141,"column":62},"end":{"line":141,"column":85}}],"line":141},"27":{"loc":{"start":{"line":155,"column":16},"end":{"line":158,"column":null}},"type":"if","locations":[{"start":{"line":155,"column":16},"end":{"line":158,"column":null}},{"start":{},"end":{}}],"line":155},"28":{"loc":{"start":{"line":157,"column":20},"end":{"line":157,"column":null}},"type":"binary-expr","locations":[{"start":{"line":157,"column":20},"end":{"line":157,"column":42}},{"start":{"line":157,"column":46},"end":{"line":157,"column":null}}],"line":157},"29":{"loc":{"start":{"line":161,"column":16},"end":{"line":176,"column":null}},"type":"if","locations":[{"start":{"line":161,"column":16},"end":{"line":176,"column":null}},{"start":{},"end":{}}],"line":161},"30":{"loc":{"start":{"line":185,"column":9},"end":{"line":186,"column":null}},"type":"binary-expr","locations":[{"start":{"line":185,"column":9},"end":{"line":185,"column":31}},{"start":{"line":185,"column":35},"end":{"line":185,"column":null}},{"start":{"line":186,"column":9},"end":{"line":186,"column":37}},{"start":{"line":186,"column":41},"end":{"line":186,"column":70}},{"start":{"line":186,"column":74},"end":{"line":186,"column":109}},{"start":{"line":186,"column":109},"end":{"line":186,"column":140}},{"start":{"line":186,"column":144},"end":{"line":186,"column":null}}],"line":185},"31":{"loc":{"start":{"line":188,"column":6},"end":{"line":228,"column":null}},"type":"if","locations":[{"start":{"line":188,"column":6},"end":{"line":228,"column":null}},{"start":{},"end":{}}],"line":188},"32":{"loc":{"start":{"line":194,"column":10},"end":{"line":195,"column":99}},"type":"binary-expr","locations":[{"start":{"line":194,"column":10},"end":{"line":194,"column":36}},{"start":{"line":194,"column":36},"end":{"line":194,"column":79}},{"start":{"line":195,"column":10},"end":{"line":195,"column":47}},{"start":{"line":195,"column":47},"end":{"line":195,"column":99}}],"line":194},"33":{"loc":{"start":{"line":198,"column":10},"end":{"line":200,"column":null}},"type":"if","locations":[{"start":{"line":198,"column":10},"end":{"line":200,"column":null}},{"start":{},"end":{}}],"line":198},"34":{"loc":{"start":{"line":198,"column":14},"end":{"line":198,"column":91}},"type":"binary-expr","locations":[{"start":{"line":198,"column":14},"end":{"line":198,"column":49}},{"start":{"line":198,"column":53},"end":{"line":198,"column":91}}],"line":198},"35":{"loc":{"start":{"line":206,"column":8},"end":{"line":209,"column":null}},"type":"if","locations":[{"start":{"line":206,"column":8},"end":{"line":209,"column":null}},{"start":{},"end":{}}],"line":206},"36":{"loc":{"start":{"line":208,"column":10},"end":{"line":209,"column":null}},"type":"if","locations":[{"start":{"line":208,"column":10},"end":{"line":209,"column":null}},{"start":{},"end":{}}],"line":208},"37":{"loc":{"start":{"line":213,"column":8},"end":{"line":228,"column":null}},"type":"if","locations":[{"start":{"line":213,"column":8},"end":{"line":228,"column":null}},{"start":{},"end":{}}],"line":213},"38":{"loc":{"start":{"line":235,"column":6},"end":{"line":240,"column":null}},"type":"if","locations":[{"start":{"line":235,"column":6},"end":{"line":240,"column":null}},{"start":{},"end":{}}],"line":235},"39":{"loc":{"start":{"line":235,"column":10},"end":{"line":235,"column":138}},"type":"binary-expr","locations":[{"start":{"line":235,"column":10},"end":{"line":235,"column":36}},{"start":{"line":235,"column":40},"end":{"line":235,"column":69}},{"start":{"line":235,"column":73},"end":{"line":235,"column":111}},{"start":{"line":235,"column":111},"end":{"line":235,"column":138}}],"line":235},"40":{"loc":{"start":{"line":236,"column":8},"end":{"line":240,"column":null}},"type":"if","locations":[{"start":{"line":236,"column":8},"end":{"line":240,"column":null}},{"start":{},"end":{}}],"line":236},"41":{"loc":{"start":{"line":239,"column":10},"end":{"line":240,"column":null}},"type":"if","locations":[{"start":{"line":239,"column":10},"end":{"line":240,"column":null}},{"start":{},"end":{}}],"line":239},"42":{"loc":{"start":{"line":239,"column":14},"end":{"line":239,"column":39}},"type":"binary-expr","locations":[{"start":{"line":239,"column":14},"end":{"line":239,"column":25}},{"start":{"line":239,"column":25},"end":{"line":239,"column":39}}],"line":239},"43":{"loc":{"start":{"line":246,"column":6},"end":{"line":249,"column":null}},"type":"if","locations":[{"start":{"line":246,"column":6},"end":{"line":249,"column":null}},{"start":{},"end":{}}],"line":246},"44":{"loc":{"start":{"line":246,"column":10},"end":{"line":246,"column":157}},"type":"binary-expr","locations":[{"start":{"line":246,"column":10},"end":{"line":246,"column":39}},{"start":{"line":246,"column":43},"end":{"line":246,"column":81}},{"start":{"line":246,"column":81},"end":{"line":246,"column":101}},{"start":{"line":246,"column":101},"end":{"line":246,"column":120}},{"start":{"line":246,"column":120},"end":{"line":246,"column":157}}],"line":246},"45":{"loc":{"start":{"line":248,"column":8},"end":{"line":249,"column":null}},"type":"if","locations":[{"start":{"line":248,"column":8},"end":{"line":249,"column":null}},{"start":{},"end":{}}],"line":248},"46":{"loc":{"start":{"line":248,"column":12},"end":{"line":248,"column":92}},"type":"binary-expr","locations":[{"start":{"line":248,"column":12},"end":{"line":248,"column":26}},{"start":{"line":248,"column":26},"end":{"line":248,"column":56}},{"start":{"line":248,"column":60},"end":{"line":248,"column":89}}],"line":248}},"s":{"0":2,"1":2,"2":4,"3":4,"4":4,"5":4,"6":4,"7":4,"8":4,"9":4,"10":4,"11":2,"12":0,"13":2,"14":2,"15":1,"16":1,"17":10,"18":2,"19":4,"20":2,"21":2,"22":1,"23":2,"24":1,"25":1,"26":1,"27":11,"28":11,"29":1,"30":1,"31":11,"32":3,"33":3,"34":3,"35":3,"36":3,"37":3,"38":3,"39":3,"40":3,"41":3,"42":3,"43":2,"44":3,"45":1,"46":1,"47":1,"48":1,"49":0,"50":3,"51":3,"52":3,"53":3,"54":3,"55":1,"56":3,"57":2,"58":2,"59":11,"60":11,"61":3,"62":3,"63":3,"64":2,"65":2,"66":1,"67":1,"68":1,"69":3,"70":2,"71":8,"72":2,"73":1,"74":3,"75":1,"76":1,"77":1,"78":1,"79":1,"80":1,"81":1,"82":1,"83":1,"84":1,"85":1,"86":1,"87":1,"88":1},"f":{"0":2,"1":1,"2":10,"3":2,"4":11,"5":3,"6":1,"7":0,"8":1,"9":8,"10":1,"11":1},"b":{"0":[4,0],"1":[4,4],"2":[4,0],"3":[4,0],"4":[4,4],"5":[4,0],"6":[0,2],"7":[1,0],"8":[1,1],"9":[2,2],"10":[1,1],"11":[1,0],"12":[1,10],"13":[11,8,6,1,1],"14":[3,8],"15":[11,8,8],"16":[3,0],"17":[3,0],"18":[3,3],"19":[3,0],"20":[3,0],"21":[3,0],"22":[2,1],"23":[3,1],"24":[1,2],"25":[1,0],"26":[1,1,0],"27":[3,0],"28":[1,1],"29":[2,1],"30":[11,3,8,8,6,0,0],"31":[3,8],"32":[3,4,2,2],"33":[1,1],"34":[2,2],"35":[2,1],"36":[1,1],"37":[1,2],"38":[1,0],"39":[1,1,1,1],"40":[1,0],"41":[1,0],"42":[1,1],"43":[1,0],"44":[1,1,1,1,1],"45":[1,0],"46":[1,1,0]},"meta":{"lastBranch":47,"lastFunction":12,"lastStatement":89,"seen":{"f:6:9:6:26":0,"s:7:74:7:76":0,"s:9:2:25:Infinity":1,"b:10:4:25:Infinity:undefined:undefined:undefined:undefined":0,"s:10:4:25:Infinity":2,"b:10:8:10:32:10:36:10:60":1,"s:11:23:11:Infinity":3,"s:12:23:12:Infinity":4,"s:13:23:13:Infinity":5,"b:14:6:16:Infinity:undefined:undefined:undefined:undefined":2,"s:14:6:16:Infinity":6,"b:15:8:16:Infinity:undefined:undefined:undefined:undefined":3,"s:15:8:16:Infinity":7,"b:15:12:15:47:15:51:15:94":4,"s:16:10:16:Infinity":8,"b:20:6:25:Infinity:undefined:undefined:undefined:undefined":5,"s:20:6:25:Infinity":9,"s:21:8:25:Infinity":10,"b:30:2:30:Infinity:undefined:undefined:undefined:undefined":6,"s:30:2:30:Infinity":11,"s:30:34:30:Infinity":12,"s:32:26:32:43":13,"s:33:2:42:Infinity":14,"f:34:4:34:18":1,"b:35:6:36:Infinity:undefined:undefined:undefined:undefined":7,"s:35:6:36:Infinity":15,"b:35:10:35:36:35:40:35:73":8,"s:36:8:36:Infinity":16,"f:39:4:39:15":2,"s:40:6:40:Infinity":17,"s:44:2:60:Infinity":18,"b:45:4:60:Infinity:undefined:undefined:undefined:undefined":9,"s:45:4:60:Infinity":19,"s:46:37:51:Infinity":20,"s:53:6:60:Infinity":21,"s:69:52:254:Infinity":22,"f:72:4:72:17":3,"b:73:6:90:Infinity:undefined:undefined:undefined:undefined":10,"s:73:6:90:Infinity":23,"b:74:8:90:Infinity:undefined:undefined:undefined:undefined":11,"s:74:8:90:Infinity":24,"s:76:41:81:Infinity":25,"s:83:10:90:Infinity":26,"f:94:4:94:19":4,"s:95:21:95:Infinity":27,"b:96:6:116:Infinity:undefined:undefined:undefined:undefined":12,"s:96:6:116:Infinity":28,"b:97:8:97:36:98:8:98:37:98:41:98:Infinity:99:8:99:39:99:43:99:Infinity":13,"s:102:39:107:Infinity":29,"s:109:8:116:Infinity":30,"b:120:6:176:Infinity:undefined:undefined:undefined:undefined":14,"s:120:6:176:Infinity":31,"b:120:10:120:38:120:42:120:73:120:77:120:109":15,"s:121:22:121:72":32,"f:121:27:121:38":5,"s:121:43:121:71":33,"b:122:8:176:Infinity:undefined:undefined:undefined:undefined":16,"s:122:8:176:Infinity":34,"s:123:28:123:49":35,"b:124:10:176:Infinity:undefined:undefined:undefined:undefined":17,"s:124:10:176:Infinity":36,"b:124:14:124:38:124:42:124:64":18,"s:125:33:125:Infinity":37,"b:127:12:176:Infinity:undefined:undefined:undefined:undefined":19,"s:127:12:176:Infinity":38,"b:127:16:127:56:127:60:127:95":20,"s:128:44:128:46":39,"b:130:14:133:Infinity:undefined:undefined:undefined:undefined":21,"s:130:14:133:Infinity":40,"s:131:33:131:57":41,"b:132:16:133:Infinity:undefined:undefined:undefined:undefined":22,"s:132:16:133:Infinity":42,"b:132:20:132:43:132:47:132:71":23,"s:133:18:133:Infinity":43,"b:137:14:148:Infinity:undefined:undefined:undefined:undefined":24,"s:137:14:148:Infinity":44,"s:138:16:148:Infinity":45,"f:139:18:139:34":6,"s:140:36:140:59":46,"b:141:20:142:Infinity:undefined:undefined:undefined:undefined":25,"s:141:20:142:Infinity":47,"b:141:24:141:36:141:36:141:58:141:62:141:85":26,"s:142:22:142:Infinity":48,"f:145:18:145:27":7,"s:146:20:146:Infinity":49,"s:151:14:176:Infinity":50,"s:152:29:152:Infinity":51,"s:153:29:153:Infinity":52,"b:155:16:158:Infinity:undefined:undefined:undefined:undefined":27,"s:155:16:158:Infinity":53,"s:156:18:158:Infinity":54,"f:156:58:156:63":8,"s:157:20:157:Infinity":55,"b:157:20:157:42:157:46:157:Infinity":28,"b:161:16:176:Infinity:undefined:undefined:undefined:undefined":29,"s:161:16:176:Infinity":56,"s:162:49:167:Infinity":57,"s:169:18:176:Infinity":58,"s:185:9:186:Infinity":59,"b:185:9:185:31:185:35:185:Infinity:186:9:186:37:186:41:186:70:186:74:186:109:186:109:186:140:186:144:186:Infinity":30,"b:188:6:228:Infinity:undefined:undefined:undefined:undefined":31,"s:188:6:228:Infinity":60,"s:189:24:189:Infinity":61,"s:190:31:190:Infinity":62,"s:193:8:202:Infinity":63,"b:194:10:194:36:194:36:194:79:195:10:195:47:195:47:195:99":32,"s:197:29:197:Infinity":64,"b:198:10:200:Infinity:undefined:undefined:undefined:undefined":33,"s:198:10:200:Infinity":65,"b:198:14:198:49:198:53:198:91":34,"s:199:12:199:Infinity":66,"s:200:12:200:Infinity":67,"s:202:10:202:Infinity":68,"b:206:8:209:Infinity:undefined:undefined:undefined:undefined":35,"s:206:8:209:Infinity":69,"s:207:31:207:71":70,"f:207:36:207:47":9,"s:207:52:207:70":71,"b:208:10:209:Infinity:undefined:undefined:undefined:undefined":36,"s:208:10:209:Infinity":72,"s:209:12:209:Infinity":73,"b:213:8:228:Infinity:undefined:undefined:undefined:undefined":37,"s:213:8:228:Infinity":74,"s:214:41:219:Infinity":75,"s:221:10:228:Infinity":76,"f:232:4:232:25":10,"s:233:19:233:Infinity":77,"s:234:20:234:Infinity":78,"b:235:6:240:Infinity:undefined:undefined:undefined:undefined":38,"s:235:6:240:Infinity":79,"b:235:10:235:36:235:40:235:69:235:73:235:111:235:111:235:138":39,"b:236:8:240:Infinity:undefined:undefined:undefined:undefined":40,"s:236:8:240:Infinity":80,"s:237:27:237:Infinity":81,"s:238:26:238:57":82,"b:239:10:240:Infinity:undefined:undefined:undefined:undefined":41,"s:239:10:240:Infinity":83,"b:239:14:239:25:239:25:239:39":42,"s:240:12:240:Infinity":84,"f:245:4:245:18":11,"b:246:6:249:Infinity:undefined:undefined:undefined:undefined":43,"s:246:6:249:Infinity":85,"b:246:10:246:39:246:43:246:81:246:81:246:101:246:101:246:120:246:120:246:157":44,"s:247:26:247:Infinity":86,"b:248:8:249:Infinity:undefined:undefined:undefined:undefined":45,"s:248:8:249:Infinity":87,"b:248:12:248:26:248:26:248:56:248:60:248:89":46,"s:249:10:249:Infinity":88}}}
,"C:\\mcp-analyzer\\src\\analyzer\\rules\\ConcurrentScoutRule.ts": {"path":"C:\\mcp-analyzer\\src\\analyzer\\rules\\ConcurrentScoutRule.ts","statementMap":{"0":{"start":{"line":5,"column":49},"end":{"line":106,"column":null}},"1":{"start":{"line":9,"column":19},"end":{"line":9,"column":null}},"2":{"start":{"line":10,"column":6},"end":{"line":10,"column":null}},"3":{"start":{"line":10,"column":46},"end":{"line":10,"column":null}},"4":{"start":{"line":13,"column":9},"end":{"line":16,"column":null}},"5":{"start":{"line":18,"column":6},"end":{"line":18,"column":null}},"6":{"start":{"line":18,"column":58},"end":{"line":18,"column":null}},"7":{"start":{"line":20,"column":23},"end":{"line":20,"column":null}},"8":{"start":{"line":21,"column":6},"end":{"line":21,"column":null}},"9":{"start":{"line":21,"column":95},"end":{"line":21,"column":null}},"10":{"start":{"line":23,"column":24},"end":{"line":23,"column":null}},"11":{"start":{"line":24,"column":25},"end":{"line":24,"column":null}},"12":{"start":{"line":26,"column":35},"end":{"line":26,"column":null}},"13":{"start":{"line":27,"column":31},"end":{"line":27,"column":null}},"14":{"start":{"line":28,"column":30},"end":{"line":28,"column":null}},"15":{"start":{"line":29,"column":31},"end":{"line":29,"column":null}},"16":{"start":{"line":31,"column":36},"end":{"line":31,"column":null}},"17":{"start":{"line":33,"column":20},"end":{"line":33,"column":null}},"18":{"start":{"line":36,"column":27},"end":{"line":36,"column":54}},"19":{"start":{"line":37,"column":6},"end":{"line":50,"column":null}},"20":{"start":{"line":38,"column":8},"end":{"line":50,"column":null}},"21":{"start":{"line":40,"column":26},"end":{"line":40,"column":69}},"22":{"start":{"line":40,"column":50},"end":{"line":40,"column":68}},"23":{"start":{"line":41,"column":10},"end":{"line":50,"column":null}},"24":{"start":{"line":42,"column":31},"end":{"line":42,"column":79}},"25":{"start":{"line":42,"column":55},"end":{"line":42,"column":78}},"26":{"start":{"line":43,"column":12},"end":{"line":50,"column":null}},"27":{"start":{"line":44,"column":31},"end":{"line":44,"column":null}},"28":{"start":{"line":45,"column":14},"end":{"line":50,"column":null}},"29":{"start":{"line":46,"column":16},"end":{"line":46,"column":null}},"30":{"start":{"line":47,"column":16},"end":{"line":47,"column":null}},"31":{"start":{"line":48,"column":16},"end":{"line":48,"column":null}},"32":{"start":{"line":49,"column":16},"end":{"line":49,"column":null}},"33":{"start":{"line":50,"column":16},"end":{"line":50,"column":null}},"34":{"start":{"line":58,"column":28},"end":{"line":58,"column":56}},"35":{"start":{"line":59,"column":6},"end":{"line":86,"column":null}},"36":{"start":{"line":60,"column":8},"end":{"line":86,"column":null}},"37":{"start":{"line":61,"column":10},"end":{"line":86,"column":null}},"38":{"start":{"line":62,"column":34},"end":{"line":62,"column":61}},"39":{"start":{"line":64,"column":12},"end":{"line":86,"column":null}},"40":{"start":{"line":65,"column":34},"end":{"line":65,"column":null}},"41":{"start":{"line":68,"column":14},"end":{"line":82,"column":null}},"42":{"start":{"line":70,"column":33},"end":{"line":70,"column":null}},"43":{"start":{"line":71,"column":18},"end":{"line":74,"column":null}},"44":{"start":{"line":72,"column":20},"end":{"line":74,"column":null}},"45":{"start":{"line":73,"column":22},"end":{"line":73,"column":null}},"46":{"start":{"line":74,"column":22},"end":{"line":74,"column":null}},"47":{"start":{"line":78,"column":34},"end":{"line":78,"column":56}},"48":{"start":{"line":78,"column":56},"end":{"line":78,"column":null}},"49":{"start":{"line":79,"column":36},"end":{"line":79,"column":58}},"50":{"start":{"line":79,"column":58},"end":{"line":79,"column":null}},"51":{"start":{"line":80,"column":36},"end":{"line":80,"column":58}},"52":{"start":{"line":80,"column":58},"end":{"line":80,"column":null}},"53":{"start":{"line":81,"column":36},"end":{"line":81,"column":58}},"54":{"start":{"line":81,"column":58},"end":{"line":81,"column":null}},"55":{"start":{"line":84,"column":14},"end":{"line":86,"column":null}},"56":{"start":{"line":85,"column":16},"end":{"line":85,"column":null}},"57":{"start":{"line":86,"column":16},"end":{"line":86,"column":null}},"58":{"start":{"line":94,"column":6},"end":{"line":102,"column":null}},"59":{"start":{"line":95,"column":8},"end":{"line":102,"column":null}}},"fnMap":{"0":{"name":"(anonymous_0)","decl":{"start":{"line":8,"column":4},"end":{"line":8,"column":23}},"loc":{"start":{"line":8,"column":45},"end":{"line":102,"column":null}},"line":8},"1":{"name":"(anonymous_1)","decl":{"start":{"line":40,"column":34},"end":{"line":40,"column":45}},"loc":{"start":{"line":40,"column":50},"end":{"line":40,"column":68}},"line":40},"2":{"name":"(anonymous_2)","decl":{"start":{"line":42,"column":39},"end":{"line":42,"column":50}},"loc":{"start":{"line":42,"column":55},"end":{"line":42,"column":78}},"line":42},"3":{"name":"(anonymous_3)","decl":{"start":{"line":69,"column":16},"end":{"line":69,"column":31}},"loc":{"start":{"line":69,"column":41},"end":{"line":74,"column":null}},"line":69},"4":{"name":"(anonymous_4)","decl":{"start":{"line":78,"column":16},"end":{"line":78,"column":29}},"loc":{"start":{"line":78,"column":32},"end":{"line":78,"column":null}},"line":78},"5":{"name":"(anonymous_5)","decl":{"start":{"line":79,"column":16},"end":{"line":79,"column":31}},"loc":{"start":{"line":79,"column":34},"end":{"line":79,"column":null}},"line":79},"6":{"name":"(anonymous_6)","decl":{"start":{"line":80,"column":16},"end":{"line":80,"column":31}},"loc":{"start":{"line":80,"column":34},"end":{"line":80,"column":null}},"line":80},"7":{"name":"(anonymous_7)","decl":{"start":{"line":81,"column":16},"end":{"line":81,"column":31}},"loc":{"start":{"line":81,"column":34},"end":{"line":81,"column":null}},"line":81}},"branchMap":{"0":{"loc":{"start":{"line":10,"column":6},"end":{"line":10,"column":null}},"type":"if","locations":[{"start":{"line":10,"column":6},"end":{"line":10,"column":null}},{"start":{},"end":{}}],"line":10},"1":{"loc":{"start":{"line":10,"column":10},"end":{"line":10,"column":44}},"type":"binary-expr","locations":[{"start":{"line":10,"column":10},"end":{"line":10,"column":19}},{"start":{"line":10,"column":19},"end":{"line":10,"column":44}}],"line":10},"2":{"loc":{"start":{"line":13,"column":9},"end":{"line":16,"column":null}},"type":"binary-expr","locations":[{"start":{"line":13,"column":9},"end":{"line":13,"column":36}},{"start":{"line":13,"column":40},"end":{"line":13,"column":null}},{"start":{"line":14,"column":9},"end":{"line":14,"column":42}},{"start":{"line":15,"column":9},"end":{"line":15,"column":45}},{"start":{"line":16,"column":9},"end":{"line":16,"column":null}}],"line":13},"3":{"loc":{"start":{"line":18,"column":6},"end":{"line":18,"column":null}},"type":"if","locations":[{"start":{"line":18,"column":6},"end":{"line":18,"column":null}},{"start":{},"end":{}}],"line":18},"4":{"loc":{"start":{"line":18,"column":10},"end":{"line":18,"column":56}},"type":"binary-expr","locations":[{"start":{"line":18,"column":10},"end":{"line":18,"column":25}},{"start":{"line":18,"column":25},"end":{"line":18,"column":56}}],"line":18},"5":{"loc":{"start":{"line":21,"column":6},"end":{"line":21,"column":null}},"type":"if","locations":[{"start":{"line":21,"column":6},"end":{"line":21,"column":null}},{"start":{},"end":{}}],"line":21},"6":{"loc":{"start":{"line":21,"column":10},"end":{"line":21,"column":93}},"type":"binary-expr","locations":[{"start":{"line":21,"column":10},"end":{"line":21,"column":33}},{"start":{"line":21,"column":33},"end":{"line":21,"column":61}},{"start":{"line":21,"column":65},"end":{"line":21,"column":93}}],"line":21},"7":{"loc":{"start":{"line":37,"column":6},"end":{"line":50,"column":null}},"type":"if","locations":[{"start":{"line":37,"column":6},"end":{"line":50,"column":null}},{"start":{},"end":{}}],"line":37},"8":{"loc":{"start":{"line":41,"column":10},"end":{"line":50,"column":null}},"type":"if","locations":[{"start":{"line":41,"column":10},"end":{"line":50,"column":null}},{"start":{},"end":{}}],"line":41},"9":{"loc":{"start":{"line":43,"column":12},"end":{"line":50,"column":null}},"type":"if","locations":[{"start":{"line":43,"column":12},"end":{"line":50,"column":null}},{"start":{},"end":{}}],"line":43},"10":{"loc":{"start":{"line":43,"column":16},"end":{"line":43,"column":111}},"type":"binary-expr","locations":[{"start":{"line":43,"column":16},"end":{"line":43,"column":30}},{"start":{"line":43,"column":30},"end":{"line":43,"column":68}},{"start":{"line":43,"column":72},"end":{"line":43,"column":111}}],"line":43},"11":{"loc":{"start":{"line":45,"column":14},"end":{"line":50,"column":null}},"type":"if","locations":[{"start":{"line":45,"column":14},"end":{"line":50,"column":null}},{"start":{},"end":{}}],"line":45},"12":{"loc":{"start":{"line":59,"column":6},"end":{"line":86,"column":null}},"type":"if","locations":[{"start":{"line":59,"column":6},"end":{"line":86,"column":null}},{"start":{},"end":{}}],"line":59},"13":{"loc":{"start":{"line":61,"column":10},"end":{"line":86,"column":null}},"type":"if","locations":[{"start":{"line":61,"column":10},"end":{"line":86,"column":null}},{"start":{},"end":{}}],"line":61},"14":{"loc":{"start":{"line":61,"column":14},"end":{"line":61,"column":105}},"type":"binary-expr","locations":[{"start":{"line":61,"column":14},"end":{"line":61,"column":52}},{"start":{"line":61,"column":56},"end":{"line":61,"column":105}}],"line":61},"15":{"loc":{"start":{"line":64,"column":12},"end":{"line":86,"column":null}},"type":"if","locations":[{"start":{"line":64,"column":12},"end":{"line":86,"column":null}},{"start":{},"end":{}}],"line":64},"16":{"loc":{"start":{"line":64,"column":16},"end":{"line":64,"column":63}},"type":"binary-expr","locations":[{"start":{"line":64,"column":16},"end":{"line":64,"column":33}},{"start":{"line":64,"column":33},"end":{"line":64,"column":63}}],"line":64},"17":{"loc":{"start":{"line":71,"column":18},"end":{"line":74,"column":null}},"type":"if","locations":[{"start":{"line":71,"column":18},"end":{"line":74,"column":null}},{"start":{},"end":{}}],"line":71},"18":{"loc":{"start":{"line":71,"column":22},"end":{"line":71,"column":85}},"type":"binary-expr","locations":[{"start":{"line":71,"column":22},"end":{"line":71,"column":50}},{"start":{"line":71,"column":54},"end":{"line":71,"column":85}}],"line":71},"19":{"loc":{"start":{"line":72,"column":20},"end":{"line":74,"column":null}},"type":"if","locations":[{"start":{"line":72,"column":20},"end":{"line":74,"column":null}},{"start":{},"end":{}}],"line":72},"20":{"loc":{"start":{"line":84,"column":14},"end":{"line":86,"column":null}},"type":"if","locations":[{"start":{"line":84,"column":14},"end":{"line":86,"column":null}},{"start":{},"end":{}}],"line":84},"21":{"loc":{"start":{"line":94,"column":6},"end":{"line":102,"column":null}},"type":"if","locations":[{"start":{"line":94,"column":6},"end":{"line":102,"column":null}},{"start":{},"end":{}}],"line":94},"22":{"loc":{"start":{"line":94,"column":10},"end":{"line":94,"column":61}},"type":"binary-expr","locations":[{"start":{"line":94,"column":10},"end":{"line":94,"column":36}},{"start":{"line":94,"column":36},"end":{"line":94,"column":61}}],"line":94}},"s":{"0":1,"1":15,"2":15,"3":9,"4":6,"5":15,"6":1,"7":5,"8":5,"9":0,"10":5,"11":5,"12":5,"13":5,"14":5,"15":5,"16":5,"17":5,"18":5,"19":5,"20":5,"21":5,"22":15,"23":5,"24":4,"25":4,"26":4,"27":4,"28":4,"29":4,"30":4,"31":4,"32":4,"33":4,"34":5,"35":5,"36":5,"37":5,"38":5,"39":5,"40":5,"41":5,"42":4,"43":4,"44":2,"45":2,"46":2,"47":1,"48":1,"49":0,"50":0,"51":0,"52":0,"53":1,"54":1,"55":5,"56":4,"57":4,"58":5,"59":3},"f":{"0":15,"1":15,"2":4,"3":4,"4":1,"5":0,"6":0,"7":1},"b":{"0":[9,6],"1":[15,15],"2":[6,4,2,2,2],"3":[1,14],"4":[15,5],"5":[0,5],"6":[5,5,5],"7":[5,0],"8":[4,1],"9":[4,0],"10":[4,4,4],"11":[4,0],"12":[5,0],"13":[5,0],"14":[5,5],"15":[5,0],"16":[5,5],"17":[2,2],"18":[4,2],"19":[2,0],"20":[4,1],"21":[3,2],"22":[5,4]},"meta":{"lastBranch":23,"lastFunction":8,"lastStatement":60,"seen":{"s:5:49:106:Infinity":0,"f:8:4:8:23":0,"s:9:19:9:Infinity":1,"b:10:6:10:Infinity:undefined:undefined:undefined:undefined":0,"s:10:6:10:Infinity":2,"b:10:10:10:19:10:19:10:44":1,"s:10:46:10:Infinity":3,"s:13:9:16:Infinity":4,"b:13:9:13:36:13:40:13:Infinity:14:9:14:42:15:9:15:45:16:9:16:Infinity":2,"b:18:6:18:Infinity:undefined:undefined:undefined:undefined":3,"s:18:6:18:Infinity":5,"b:18:10:18:25:18:25:18:56":4,"s:18:58:18:Infinity":6,"s:20:23:20:Infinity":7,"b:21:6:21:Infinity:undefined:undefined:undefined:undefined":5,"s:21:6:21:Infinity":8,"b:21:10:21:33:21:33:21:61:21:65:21:93":6,"s:21:95:21:Infinity":9,"s:23:24:23:Infinity":10,"s:24:25:24:Infinity":11,"s:26:35:26:Infinity":12,"s:27:31:27:Infinity":13,"s:28:30:28:Infinity":14,"s:29:31:29:Infinity":15,"s:31:36:31:Infinity":16,"s:33:20:33:Infinity":17,"s:36:27:36:54":18,"b:37:6:50:Infinity:undefined:undefined:undefined:undefined":7,"s:37:6:50:Infinity":19,"s:38:8:50:Infinity":20,"s:40:26:40:69":21,"f:40:34:40:45":1,"s:40:50:40:68":22,"b:41:10:50:Infinity:undefined:undefined:undefined:undefined":8,"s:41:10:50:Infinity":23,"s:42:31:42:79":24,"f:42:39:42:50":2,"s:42:55:42:78":25,"b:43:12:50:Infinity:undefined:undefined:undefined:undefined":9,"s:43:12:50:Infinity":26,"b:43:16:43:30:43:30:43:68:43:72:43:111":10,"s:44:31:44:Infinity":27,"b:45:14:50:Infinity:undefined:undefined:undefined:undefined":11,"s:45:14:50:Infinity":28,"s:46:16:46:Infinity":29,"s:47:16:47:Infinity":30,"s:48:16:48:Infinity":31,"s:49:16:49:Infinity":32,"s:50:16:50:Infinity":33,"s:58:28:58:56":34,"b:59:6:86:Infinity:undefined:undefined:undefined:undefined":12,"s:59:6:86:Infinity":35,"s:60:8:86:Infinity":36,"b:61:10:86:Infinity:undefined:undefined:undefined:undefined":13,"s:61:10:86:Infinity":37,"b:61:14:61:52:61:56:61:105":14,"s:62:34:62:61":38,"b:64:12:86:Infinity:undefined:undefined:undefined:undefined":15,"s:64:12:86:Infinity":39,"b:64:16:64:33:64:33:64:63":16,"s:65:34:65:Infinity":40,"s:68:14:82:Infinity":41,"f:69:16:69:31":3,"s:70:33:70:Infinity":42,"b:71:18:74:Infinity:undefined:undefined:undefined:undefined":17,"s:71:18:74:Infinity":43,"b:71:22:71:50:71:54:71:85":18,"b:72:20:74:Infinity:undefined:undefined:undefined:undefined":19,"s:72:20:74:Infinity":44,"s:73:22:73:Infinity":45,"s:74:22:74:Infinity":46,"f:78:16:78:29":4,"s:78:34:78:56":47,"s:78:56:78:Infinity":48,"f:79:16:79:31":5,"s:79:36:79:58":49,"s:79:58:79:Infinity":50,"f:80:16:80:31":6,"s:80:36:80:58":51,"s:80:58:80:Infinity":52,"f:81:16:81:31":7,"s:81:36:81:58":53,"s:81:58:81:Infinity":54,"b:84:14:86:Infinity:undefined:undefined:undefined:undefined":20,"s:84:14:86:Infinity":55,"s:85:16:85:Infinity":56,"s:86:16:86:Infinity":57,"b:94:6:102:Infinity:undefined:undefined:undefined:undefined":21,"s:94:6:102:Infinity":58,"b:94:10:94:36:94:36:94:61":22,"s:95:8:102:Infinity":59}}}
,"C:\\mcp-analyzer\\src\\analyzer\\rules\\GhostHunterRule.ts": {"path":"C:\\mcp-analyzer\\src\\analyzer\\rules\\GhostHunterRule.ts","statementMap":{"0":{"start":{"line":5,"column":45},"end":{"line":34,"column":null}},"1":{"start":{"line":9,"column":6},"end":{"line":29,"column":null}},"2":{"start":{"line":10,"column":27},"end":{"line":10,"column":null}},"3":{"start":{"line":12,"column":26},"end":{"line":12,"column":null}},"4":{"start":{"line":13,"column":8},"end":{"line":18,"column":null}},"5":{"start":{"line":14,"column":10},"end":{"line":14,"column":null}},"6":{"start":{"line":15,"column":19},"end":{"line":18,"column":null}},"7":{"start":{"line":16,"column":10},"end":{"line":16,"column":null}},"8":{"start":{"line":17,"column":19},"end":{"line":18,"column":null}},"9":{"start":{"line":18,"column":10},"end":{"line":18,"column":null}},"10":{"start":{"line":21,"column":8},"end":{"line":29,"column":null}},"11":{"start":{"line":22,"column":10},"end":{"line":29,"column":null}}},"fnMap":{"0":{"name":"(anonymous_0)","decl":{"start":{"line":8,"column":4},"end":{"line":8,"column":16}},"loc":{"start":{"line":8,"column":38},"end":{"line":29,"column":null}},"line":8}},"branchMap":{"0":{"loc":{"start":{"line":9,"column":6},"end":{"line":29,"column":null}},"type":"if","locations":[{"start":{"line":9,"column":6},"end":{"line":29,"column":null}},{"start":{},"end":{}}],"line":9},"1":{"loc":{"start":{"line":13,"column":8},"end":{"line":18,"column":null}},"type":"if","locations":[{"start":{"line":13,"column":8},"end":{"line":18,"column":null}},{"start":{"line":15,"column":19},"end":{"line":18,"column":null}}],"line":13},"2":{"loc":{"start":{"line":13,"column":12},"end":{"line":13,"column":95}},"type":"binary-expr","locations":[{"start":{"line":13,"column":12},"end":{"line":13,"column":51}},{"start":{"line":13,"column":51},"end":{"line":13,"column":95}}],"line":13},"3":{"loc":{"start":{"line":15,"column":19},"end":{"line":18,"column":null}},"type":"if","locations":[{"start":{"line":15,"column":19},"end":{"line":18,"column":null}},{"start":{"line":17,"column":19},"end":{"line":18,"column":null}}],"line":15},"4":{"loc":{"start":{"line":15,"column":19},"end":{"line":15,"column":116}},"type":"binary-expr","locations":[{"start":{"line":15,"column":19},"end":{"line":15,"column":65}},{"start":{"line":15,"column":65},"end":{"line":15,"column":116}}],"line":15},"5":{"loc":{"start":{"line":17,"column":19},"end":{"line":18,"column":null}},"type":"if","locations":[{"start":{"line":17,"column":19},"end":{"line":18,"column":null}},{"start":{},"end":{}}],"line":17},"6":{"loc":{"start":{"line":17,"column":19},"end":{"line":17,"column":104}},"type":"binary-expr","locations":[{"start":{"line":17,"column":19},"end":{"line":17,"column":59}},{"start":{"line":17,"column":59},"end":{"line":17,"column":104}}],"line":17},"7":{"loc":{"start":{"line":21,"column":8},"end":{"line":29,"column":null}},"type":"if","locations":[{"start":{"line":21,"column":8},"end":{"line":29,"column":null}},{"start":{},"end":{}}],"line":21}},"s":{"0":2,"1":15,"2":15,"3":15,"4":15,"5":3,"6":12,"7":2,"8":10,"9":2,"10":15,"11":7},"f":{"0":15},"b":{"0":[15,0],"1":[3,12],"2":[15,13],"3":[2,10],"4":[12,11],"5":[2,8],"6":[10,9],"7":[7,8]},"meta":{"lastBranch":8,"lastFunction":1,"lastStatement":12,"seen":{"s:5:45:34:Infinity":0,"f:8:4:8:16":0,"b:9:6:29:Infinity:undefined:undefined:undefined:undefined":0,"s:9:6:29:Infinity":1,"s:10:27:10:Infinity":2,"s:12:26:12:Infinity":3,"b:13:8:18:Infinity:15:19:18:Infinity":1,"s:13:8:18:Infinity":4,"b:13:12:13:51:13:51:13:95":2,"s:14:10:14:Infinity":5,"b:15:19:18:Infinity:17:19:18:Infinity":3,"s:15:19:18:Infinity":6,"b:15:19:15:65:15:65:15:116":4,"s:16:10:16:Infinity":7,"b:17:19:18:Infinity:undefined:undefined:undefined:undefined":5,"s:17:19:18:Infinity":8,"b:17:19:17:59:17:59:17:104":6,"s:18:10:18:Infinity":9,"b:21:8:29:Infinity:undefined:undefined:undefined:undefined":7,"s:21:8:29:Infinity":10,"s:22:10:29:Infinity":11}}}
,"C:\\mcp-analyzer\\src\\analyzer\\visitors\\ComponentVisitor.ts": {"path":"C:\\mcp-analyzer\\src\\analyzer\\visitors\\ComponentVisitor.ts","statementMap":{"0":{"start":{"line":21,"column":44},"end":{"line":21,"column":46}},"1":{"start":{"line":24,"column":23},"end":{"line":24,"column":null}},"2":{"start":{"line":26,"column":29},"end":{"line":74,"column":null}},"3":{"start":{"line":28,"column":8},"end":{"line":30,"column":null}},"4":{"start":{"line":29,"column":23},"end":{"line":29,"column":null}},"5":{"start":{"line":30,"column":10},"end":{"line":30,"column":null}},"6":{"start":{"line":34,"column":8},"end":{"line":39,"column":null}},"7":{"start":{"line":35,"column":21},"end":{"line":35,"column":null}},"8":{"start":{"line":36,"column":10},"end":{"line":37,"column":null}},"9":{"start":{"line":37,"column":12},"end":{"line":37,"column":null}},"10":{"start":{"line":39,"column":10},"end":{"line":39,"column":null}},"11":{"start":{"line":43,"column":8},"end":{"line":45,"column":null}},"12":{"start":{"line":44,"column":23},"end":{"line":44,"column":null}},"13":{"start":{"line":45,"column":10},"end":{"line":45,"column":null}},"14":{"start":{"line":49,"column":8},"end":{"line":54,"column":null}},"15":{"start":{"line":50,"column":21},"end":{"line":50,"column":null}},"16":{"start":{"line":51,"column":10},"end":{"line":52,"column":null}},"17":{"start":{"line":52,"column":12},"end":{"line":52,"column":null}},"18":{"start":{"line":54,"column":10},"end":{"line":54,"column":null}},"19":{"start":{"line":58,"column":8},"end":{"line":71,"column":null}},"20":{"start":{"line":59,"column":21},"end":{"line":59,"column":null}},"21":{"start":{"line":60,"column":10},"end":{"line":69,"column":null}},"22":{"start":{"line":61,"column":12},"end":{"line":61,"column":null}},"23":{"start":{"line":62,"column":21},"end":{"line":69,"column":null}},"24":{"start":{"line":63,"column":12},"end":{"line":63,"column":null}},"25":{"start":{"line":65,"column":12},"end":{"line":69,"column":null}},"26":{"start":{"line":69,"column":12},"end":{"line":69,"column":null}},"27":{"start":{"line":71,"column":10},"end":{"line":71,"column":null}},"28":{"start":{"line":76,"column":4},"end":{"line":76,"column":null}},"29":{"start":{"line":78,"column":4},"end":{"line":78,"column":null}},"30":{"start":{"line":85,"column":4},"end":{"line":85,"column":null}},"31":{"start":{"line":85,"column":26},"end":{"line":85,"column":null}},"32":{"start":{"line":88,"column":4},"end":{"line":89,"column":null}},"33":{"start":{"line":89,"column":6},"end":{"line":89,"column":null}},"34":{"start":{"line":93,"column":4},"end":{"line":100,"column":null}},"35":{"start":{"line":100,"column":6},"end":{"line":100,"column":null}},"36":{"start":{"line":103,"column":4},"end":{"line":103,"column":null}},"37":{"start":{"line":111,"column":17},"end":{"line":111,"column":null}},"38":{"start":{"line":114,"column":4},"end":{"line":115,"column":null}},"39":{"start":{"line":115,"column":6},"end":{"line":115,"column":null}},"40":{"start":{"line":119,"column":4},"end":{"line":134,"column":null}},"41":{"start":{"line":121,"column":20},"end":{"line":121,"column":null}},"42":{"start":{"line":122,"column":8},"end":{"line":122,"column":null}},"43":{"start":{"line":122,"column":18},"end":{"line":122,"column":null}},"44":{"start":{"line":125,"column":8},"end":{"line":127,"column":null}},"45":{"start":{"line":126,"column":10},"end":{"line":126,"column":null}},"46":{"start":{"line":127,"column":10},"end":{"line":127,"column":null}},"47":{"start":{"line":132,"column":8},"end":{"line":132,"column":null}},"48":{"start":{"line":136,"column":4},"end":{"line":136,"column":null}},"49":{"start":{"line":147,"column":4},"end":{"line":152,"column":null}}},"fnMap":{"0":{"name":"(anonymous_0)","decl":{"start":{"line":20,"column":16},"end":{"line":20,"column":34}},"loc":{"start":{"line":20,"column":68},"end":{"line":78,"column":null}},"line":20},"1":{"name":"(anonymous_1)","decl":{"start":{"line":27,"column":6},"end":{"line":27,"column":23}},"loc":{"start":{"line":27,"column":29},"end":{"line":30,"column":null}},"line":27},"2":{"name":"(anonymous_2)","decl":{"start":{"line":33,"column":6},"end":{"line":33,"column":22}},"loc":{"start":{"line":33,"column":28},"end":{"line":39,"column":null}},"line":33},"3":{"name":"(anonymous_3)","decl":{"start":{"line":42,"column":6},"end":{"line":42,"column":26}},"loc":{"start":{"line":42,"column":32},"end":{"line":45,"column":null}},"line":42},"4":{"name":"(anonymous_4)","decl":{"start":{"line":48,"column":6},"end":{"line":48,"column":25}},"loc":{"start":{"line":48,"column":31},"end":{"line":54,"column":null}},"line":48},"5":{"name":"(anonymous_5)","decl":{"start":{"line":57,"column":6},"end":{"line":57,"column":30}},"loc":{"start":{"line":57,"column":36},"end":{"line":71,"column":null}},"line":57},"6":{"name":"(anonymous_6)","decl":{"start":{"line":84,"column":17},"end":{"line":84,"column":34}},"loc":{"start":{"line":84,"column":89},"end":{"line":103,"column":null}},"line":84},"7":{"name":"(anonymous_7)","decl":{"start":{"line":110,"column":17},"end":{"line":110,"column":28}},"loc":{"start":{"line":110,"column":127},"end":{"line":136,"column":null}},"line":110},"8":{"name":"(anonymous_8)","decl":{"start":{"line":120,"column":6},"end":{"line":120,"column":22}},"loc":{"start":{"line":120,"column":34},"end":{"line":127,"column":null}},"line":120},"9":{"name":"(anonymous_9)","decl":{"start":{"line":130,"column":6},"end":{"line":130,"column":15}},"loc":{"start":{"line":130,"column":29},"end":{"line":132,"column":null}},"line":130},"10":{"name":"(anonymous_10)","decl":{"start":{"line":142,"column":17},"end":{"line":142,"column":null}},"loc":{"start":{"line":146,"column":23},"end":{"line":152,"column":null}},"line":146}},"branchMap":{"0":{"loc":{"start":{"line":24,"column":23},"end":{"line":24,"column":null}},"type":"cond-expr","locations":[{"start":{"line":24,"column":56},"end":{"line":24,"column":68}},{"start":{"line":24,"column":68},"end":{"line":24,"column":null}}],"line":24},"1":{"loc":{"start":{"line":28,"column":8},"end":{"line":30,"column":null}},"type":"if","locations":[{"start":{"line":28,"column":8},"end":{"line":30,"column":null}},{"start":{},"end":{}}],"line":28},"2":{"loc":{"start":{"line":29,"column":23},"end":{"line":29,"column":null}},"type":"binary-expr","locations":[{"start":{"line":29,"column":23},"end":{"line":29,"column":45}},{"start":{"line":29,"column":45},"end":{"line":29,"column":null}}],"line":29},"3":{"loc":{"start":{"line":34,"column":8},"end":{"line":39,"column":null}},"type":"if","locations":[{"start":{"line":34,"column":8},"end":{"line":39,"column":null}},{"start":{},"end":{}}],"line":34},"4":{"loc":{"start":{"line":36,"column":10},"end":{"line":37,"column":null}},"type":"if","locations":[{"start":{"line":36,"column":10},"end":{"line":37,"column":null}},{"start":{},"end":{}}],"line":36},"5":{"loc":{"start":{"line":36,"column":14},"end":{"line":36,"column":104}},"type":"binary-expr","locations":[{"start":{"line":36,"column":14},"end":{"line":36,"column":23}},{"start":{"line":36,"column":23},"end":{"line":36,"column":61}},{"start":{"line":36,"column":65},"end":{"line":36,"column":104}}],"line":36},"6":{"loc":{"start":{"line":39,"column":58},"end":{"line":39,"column":84}},"type":"binary-expr","locations":[{"start":{"line":39,"column":58},"end":{"line":39,"column":66}},{"start":{"line":39,"column":66},"end":{"line":39,"column":84}}],"line":39},"7":{"loc":{"start":{"line":43,"column":8},"end":{"line":45,"column":null}},"type":"if","locations":[{"start":{"line":43,"column":8},"end":{"line":45,"column":null}},{"start":{},"end":{}}],"line":43},"8":{"loc":{"start":{"line":44,"column":23},"end":{"line":44,"column":null}},"type":"binary-expr","locations":[{"start":{"line":44,"column":23},"end":{"line":44,"column":45}},{"start":{"line":44,"column":45},"end":{"line":44,"column":null}}],"line":44},"9":{"loc":{"start":{"line":49,"column":8},"end":{"line":54,"column":null}},"type":"if","locations":[{"start":{"line":49,"column":8},"end":{"line":54,"column":null}},{"start":{},"end":{}}],"line":49},"10":{"loc":{"start":{"line":51,"column":10},"end":{"line":52,"column":null}},"type":"if","locations":[{"start":{"line":51,"column":10},"end":{"line":52,"column":null}},{"start":{},"end":{}}],"line":51},"11":{"loc":{"start":{"line":51,"column":14},"end":{"line":51,"column":104}},"type":"binary-expr","locations":[{"start":{"line":51,"column":14},"end":{"line":51,"column":23}},{"start":{"line":51,"column":23},"end":{"line":51,"column":61}},{"start":{"line":51,"column":65},"end":{"line":51,"column":104}}],"line":51},"12":{"loc":{"start":{"line":54,"column":58},"end":{"line":54,"column":87}},"type":"binary-expr","locations":[{"start":{"line":54,"column":58},"end":{"line":54,"column":66}},{"start":{"line":54,"column":66},"end":{"line":54,"column":87}}],"line":54},"13":{"loc":{"start":{"line":58,"column":8},"end":{"line":71,"column":null}},"type":"if","locations":[{"start":{"line":58,"column":8},"end":{"line":71,"column":null}},{"start":{},"end":{}}],"line":58},"14":{"loc":{"start":{"line":60,"column":10},"end":{"line":69,"column":null}},"type":"if","locations":[{"start":{"line":60,"column":10},"end":{"line":69,"column":null}},{"start":{"line":62,"column":21},"end":{"line":69,"column":null}}],"line":60},"15":{"loc":{"start":{"line":60,"column":14},"end":{"line":60,"column":95}},"type":"binary-expr","locations":[{"start":{"line":60,"column":14},"end":{"line":60,"column":52}},{"start":{"line":60,"column":56},"end":{"line":60,"column":95}}],"line":60},"16":{"loc":{"start":{"line":62,"column":21},"end":{"line":69,"column":null}},"type":"if","locations":[{"start":{"line":62,"column":21},"end":{"line":69,"column":null}},{"start":{"line":65,"column":12},"end":{"line":69,"column":null}}],"line":62},"17":{"loc":{"start":{"line":62,"column":21},"end":{"line":62,"column":106}},"type":"binary-expr","locations":[{"start":{"line":62,"column":21},"end":{"line":62,"column":61}},{"start":{"line":62,"column":65},"end":{"line":62,"column":106}}],"line":62},"18":{"loc":{"start":{"line":65,"column":12},"end":{"line":69,"column":null}},"type":"if","locations":[{"start":{"line":65,"column":12},"end":{"line":69,"column":null}},{"start":{},"end":{}}],"line":65},"19":{"loc":{"start":{"line":65,"column":12},"end":{"line":67,"column":62}},"type":"binary-expr","locations":[{"start":{"line":65,"column":12},"end":{"line":65,"column":52}},{"start":{"line":66,"column":12},"end":{"line":66,"column":59}},{"start":{"line":67,"column":12},"end":{"line":67,"column":62}}],"line":65},"20":{"loc":{"start":{"line":85,"column":4},"end":{"line":85,"column":null}},"type":"if","locations":[{"start":{"line":85,"column":4},"end":{"line":85,"column":null}},{"start":{},"end":{}}],"line":85},"21":{"loc":{"start":{"line":88,"column":4},"end":{"line":89,"column":null}},"type":"if","locations":[{"start":{"line":88,"column":4},"end":{"line":89,"column":null}},{"start":{},"end":{}}],"line":88},"22":{"loc":{"start":{"line":88,"column":8},"end":{"line":88,"column":127}},"type":"binary-expr","locations":[{"start":{"line":88,"column":8},"end":{"line":88,"column":39}},{"start":{"line":88,"column":44},"end":{"line":88,"column":84}},{"start":{"line":88,"column":84},"end":{"line":88,"column":127}}],"line":88},"23":{"loc":{"start":{"line":93,"column":4},"end":{"line":100,"column":null}},"type":"if","locations":[{"start":{"line":93,"column":4},"end":{"line":100,"column":null}},{"start":{},"end":{}}],"line":93},"24":{"loc":{"start":{"line":94,"column":6},"end":{"line":98,"column":null}},"type":"binary-expr","locations":[{"start":{"line":94,"column":6},"end":{"line":94,"column":43}},{"start":{"line":95,"column":6},"end":{"line":95,"column":44}},{"start":{"line":96,"column":6},"end":{"line":96,"column":null}},{"start":{"line":97,"column":6},"end":{"line":97,"column":46}},{"start":{"line":98,"column":7},"end":{"line":98,"column":56}},{"start":{"line":98,"column":56},"end":{"line":98,"column":null}}],"line":94},"25":{"loc":{"start":{"line":114,"column":4},"end":{"line":115,"column":null}},"type":"if","locations":[{"start":{"line":114,"column":4},"end":{"line":115,"column":null}},{"start":{},"end":{}}],"line":114},"26":{"loc":{"start":{"line":114,"column":8},"end":{"line":114,"column":73}},"type":"binary-expr","locations":[{"start":{"line":114,"column":8},"end":{"line":114,"column":38}},{"start":{"line":114,"column":42},"end":{"line":114,"column":73}}],"line":114},"27":{"loc":{"start":{"line":122,"column":8},"end":{"line":122,"column":null}},"type":"if","locations":[{"start":{"line":122,"column":8},"end":{"line":122,"column":null}},{"start":{},"end":{}}],"line":122},"28":{"loc":{"start":{"line":125,"column":8},"end":{"line":127,"column":null}},"type":"if","locations":[{"start":{"line":125,"column":8},"end":{"line":127,"column":null}},{"start":{},"end":{}}],"line":125},"29":{"loc":{"start":{"line":125,"column":12},"end":{"line":125,"column":55}},"type":"binary-expr","locations":[{"start":{"line":125,"column":12},"end":{"line":125,"column":31}},{"start":{"line":125,"column":35},"end":{"line":125,"column":55}}],"line":125}},"s":{"0":31,"1":31,"2":31,"3":10,"4":10,"5":10,"6":1,"7":1,"8":1,"9":1,"10":1,"11":15,"12":10,"13":10,"14":1,"15":1,"16":1,"17":1,"18":1,"19":17,"20":7,"21":7,"22":3,"23":4,"24":0,"25":4,"26":1,"27":7,"28":31,"29":31,"30":11,"31":0,"32":11,"33":1,"34":10,"35":10,"36":0,"37":33,"38":33,"39":4,"40":29,"41":15,"42":15,"43":0,"44":15,"45":14,"46":14,"47":10,"48":29,"49":29},"f":{"0":6,"1":10,"2":1,"3":15,"4":1,"5":17,"6":6,"7":6,"8":15,"9":10,"10":6},"b":{"0":[31,0],"1":[10,0],"2":[10,0],"3":[1,0],"4":[1,0],"5":[1,1,1],"6":[1,0],"7":[10,5],"8":[10,1],"9":[1,0],"10":[1,0],"11":[1,1,1],"12":[1,0],"13":[7,10],"14":[3,4],"15":[7,3],"16":[0,4],"17":[4,1],"18":[1,3],"19":[4,1,1],"20":[0,11],"21":[1,10],"22":[11,1,0],"23":[10,0],"24":[10,10,10,10,10,0],"25":[4,29],"26":[33,29],"27":[0,15],"28":[14,1],"29":[15,2]},"meta":{"lastBranch":30,"lastFunction":11,"lastStatement":50,"seen":{"f:20:16:20:34":0,"s:21:44:21:46":0,"s:24:23:24:Infinity":1,"b:24:56:24:68:24:68:24:Infinity":0,"s:26:29:74:Infinity":2,"f:27:6:27:23":1,"b:28:8:30:Infinity:undefined:undefined:undefined:undefined":1,"s:28:8:30:Infinity":3,"s:29:23:29:Infinity":4,"b:29:23:29:45:29:45:29:Infinity":2,"s:30:10:30:Infinity":5,"f:33:6:33:22":2,"b:34:8:39:Infinity:undefined:undefined:undefined:undefined":3,"s:34:8:39:Infinity":6,"s:35:21:35:Infinity":7,"b:36:10:37:Infinity:undefined:undefined:undefined:undefined":4,"s:36:10:37:Infinity":8,"b:36:14:36:23:36:23:36:61:36:65:36:104":5,"s:37:12:37:Infinity":9,"s:39:10:39:Infinity":10,"b:39:58:39:66:39:66:39:84":6,"f:42:6:42:26":3,"b:43:8:45:Infinity:undefined:undefined:undefined:undefined":7,"s:43:8:45:Infinity":11,"s:44:23:44:Infinity":12,"b:44:23:44:45:44:45:44:Infinity":8,"s:45:10:45:Infinity":13,"f:48:6:48:25":4,"b:49:8:54:Infinity:undefined:undefined:undefined:undefined":9,"s:49:8:54:Infinity":14,"s:50:21:50:Infinity":15,"b:51:10:52:Infinity:undefined:undefined:undefined:undefined":10,"s:51:10:52:Infinity":16,"b:51:14:51:23:51:23:51:61:51:65:51:104":11,"s:52:12:52:Infinity":17,"s:54:10:54:Infinity":18,"b:54:58:54:66:54:66:54:87":12,"f:57:6:57:30":5,"b:58:8:71:Infinity:undefined:undefined:undefined:undefined":13,"s:58:8:71:Infinity":19,"s:59:21:59:Infinity":20,"b:60:10:69:Infinity:62:21:69:Infinity":14,"s:60:10:69:Infinity":21,"b:60:14:60:52:60:56:60:95":15,"s:61:12:61:Infinity":22,"b:62:21:69:Infinity:65:12:69:Infinity":16,"s:62:21:69:Infinity":23,"b:62:21:62:61:62:65:62:106":17,"s:63:12:63:Infinity":24,"b:65:12:69:Infinity:undefined:undefined:undefined:undefined":18,"s:65:12:69:Infinity":25,"b:65:12:65:52:66:12:66:59:67:12:67:62":19,"s:69:12:69:Infinity":26,"s:71:10:71:Infinity":27,"s:76:4:76:Infinity":28,"s:78:4:78:Infinity":29,"f:84:17:84:34":6,"b:85:4:85:Infinity:undefined:undefined:undefined:undefined":20,"s:85:4:85:Infinity":30,"s:85:26:85:Infinity":31,"b:88:4:89:Infinity:undefined:undefined:undefined:undefined":21,"s:88:4:89:Infinity":32,"b:88:8:88:39:88:44:88:84:88:84:88:127":22,"s:89:6:89:Infinity":33,"b:93:4:100:Infinity:undefined:undefined:undefined:undefined":23,"s:93:4:100:Infinity":34,"b:94:6:94:43:95:6:95:44:96:6:96:Infinity:97:6:97:46:98:7:98:56:98:56:98:Infinity":24,"s:100:6:100:Infinity":35,"s:103:4:103:Infinity":36,"f:110:17:110:28":7,"s:111:17:111:Infinity":37,"b:114:4:115:Infinity:undefined:undefined:undefined:undefined":25,"s:114:4:115:Infinity":38,"b:114:8:114:38:114:42:114:73":26,"s:115:6:115:Infinity":39,"s:119:4:134:Infinity":40,"f:120:6:120:22":8,"s:121:20:121:Infinity":41,"b:122:8:122:Infinity:undefined:undefined:undefined:undefined":27,"s:122:8:122:Infinity":42,"s:122:18:122:Infinity":43,"b:125:8:127:Infinity:undefined:undefined:undefined:undefined":28,"s:125:8:127:Infinity":44,"b:125:12:125:31:125:35:125:55":29,"s:126:10:126:Infinity":45,"s:127:10:127:Infinity":46,"f:130:6:130:15":9,"s:132:8:132:Infinity":47,"s:136:4:136:Infinity":48,"f:142:17:142:Infinity":10,"s:147:4:152:Infinity":49}}}
,"C:\\mcp-analyzer\\src\\utils\\ast-helpers.ts": {"path":"C:\\mcp-analyzer\\src\\utils\\ast-helpers.ts","statementMap":{"0":{"start":{"line":8,"column":2},"end":{"line":8,"column":null}},"1":{"start":{"line":16,"column":2},"end":{"line":16,"column":null}},"2":{"start":{"line":24,"column":2},"end":{"line":24,"column":null}}},"fnMap":{"0":{"name":"getSafeLineNumber","decl":{"start":{"line":7,"column":16},"end":{"line":7,"column":34}},"loc":{"start":{"line":7,"column":75},"end":{"line":8,"column":null}},"line":7},"1":{"name":"getSafeColumnNumber","decl":{"start":{"line":15,"column":16},"end":{"line":15,"column":36}},"loc":{"start":{"line":15,"column":77},"end":{"line":16,"column":null}},"line":15},"2":{"name":"getSafeEndLineNumber","decl":{"start":{"line":23,"column":16},"end":{"line":23,"column":37}},"loc":{"start":{"line":23,"column":78},"end":{"line":24,"column":null}},"line":23}},"branchMap":{"0":{"loc":{"start":{"line":8,"column":9},"end":{"line":8,"column":null}},"type":"binary-expr","locations":[{"start":{"line":8,"column":9},"end":{"line":8,"column":35}},{"start":{"line":8,"column":35},"end":{"line":8,"column":null}}],"line":8},"1":{"loc":{"start":{"line":16,"column":9},"end":{"line":16,"column":null}},"type":"binary-expr","locations":[{"start":{"line":16,"column":9},"end":{"line":16,"column":37}},{"start":{"line":16,"column":37},"end":{"line":16,"column":null}}],"line":16},"2":{"loc":{"start":{"line":24,"column":9},"end":{"line":24,"column":null}},"type":"binary-expr","locations":[{"start":{"line":24,"column":9},"end":{"line":24,"column":33}},{"start":{"line":24,"column":33},"end":{"line":24,"column":null}}],"line":24}},"s":{"0":54,"1":25,"2":32},"f":{"0":54,"1":25,"2":32},"b":{"0":[54,2],"1":[25,2],"2":[32,2]},"meta":{"lastBranch":3,"lastFunction":3,"lastStatement":3,"seen":{"f:7:16:7:34":0,"s:8:2:8:Infinity":0,"b:8:9:8:35:8:35:8:Infinity":0,"f:15:16:15:36":1,"s:16:2:16:Infinity":1,"b:16:9:16:37:16:37:16:Infinity":1,"f:23:16:23:37":2,"s:24:2:24:Infinity":2,"b:24:9:24:33:24:33:24:Infinity":2}}}
,"C:\\mcp-analyzer\\src\\utils\\parser.ts": {"path":"C:\\mcp-analyzer\\src\\utils\\parser.ts","statementMap":{"0":{"start":{"line":15,"column":2},"end":{"line":22,"column":null}}},"fnMap":{"0":{"name":"parseSourceCode","decl":{"start":{"line":14,"column":16},"end":{"line":14,"column":32}},"loc":{"start":{"line":14,"column":52},"end":{"line":22,"column":null}},"line":14}},"branchMap":{},"s":{"0":9},"f":{"0":9},"b":{},"meta":{"lastBranch":0,"lastFunction":1,"lastStatement":1,"seen":{"f:14:16:14:32":0,"s:15:2:22:Infinity":0}}}
}
